1587138427759	mozrunner::runner	INFO	Running command: "C:\\Program Files\\Mozilla Firefox\\firefox.exe" "-marionette" "-foreground" "-no-remote" "-profile" "C:\\Users\\emers\\AppData\\Local\\Temp\\rust_mozprofileDgD5MS"
1587138428201	addons.webextension.doh-rollout@mozilla.org	WARN	Loading extension 'doh-rollout@mozilla.org': Reading manifest: Invalid extension permission: networkStatus
1587138428431	addons.webextension.screenshots@mozilla.org	WARN	Loading extension 'screenshots@mozilla.org': Reading manifest: Invalid extension permission: mozillaAddons
1587138428431	addons.webextension.screenshots@mozilla.org	WARN	Loading extension 'screenshots@mozilla.org': Reading manifest: Invalid extension permission: telemetry
1587138428431	addons.webextension.screenshots@mozilla.org	WARN	Loading extension 'screenshots@mozilla.org': Reading manifest: Invalid extension permission: resource://pdf.js/
1587138428431	addons.webextension.screenshots@mozilla.org	WARN	Loading extension 'screenshots@mozilla.org': Reading manifest: Invalid extension permission: about:reader*
JavaScript error: resource://gre/modules/XULStore.jsm, line 66: Error: Can't find profile directory.
1587138430174	Marionette	INFO	Listening on port 25343
1587138430370	Marionette	WARN	TLS certificate errors will be ignored for this session
1587138513161	Marionette	INFO	Stopped listening on port 25343

###!!! [Child][RunMessage] Error: Channel closing: too late to send/recv, messages will be lost


###!!! [Child][MessageChannel::SendAndWait] Error: Channel error: cannot send/recv

 late to send/recv, messages will be lost


###!!! [Child][MessageChannel::SendAndWait] Error: Channel error: cannot send/recv

:///modules/sessionstore/SessionStore.jsm, line 1844: TypeError: subject.QueryInterface is not a function
JavaScript error: resource:///modules/sessionstore/SessionStore.jsm, line 1844: TypeError: subject.QueryInterface is not a function
JavaScript error: resource:///modules/sessionstore/SessionStore.jsm, line 1844: TypeError: subject.QueryInterface is not a function
JavaScript error: resource:///modules/sessionstore/SessionStore.jsm, line 1844: TypeError: subject.QueryInterface is not a function
A content process crashed and MOZ_CRASHREPORTER_SHUTDOWN is set, shutting down
[Parent 19040, Gecko_IOThread] WARNING: file z:/task_1583751780/build/src/ipc/chromium/src/base/process_util_win.cc, line 160
A content process crashed and MOZ_CRASHREPORTER_SHUTDOWN is set, shutting down
[Parent 19040, Gecko_IOThread] WARNING: file z:/task_1583751780/build/src/ipc/chromium/src/base/process_util_win.cc, line 160
